<?xml version="1.0" encoding="UTF-8"?>
<testsuite xmlns:xsi="http://www.w3.org/2001/XMLSchema-instance" xsi:noNamespaceSchemaLocation="https://maven.apache.org/surefire/maven-surefire-plugin/xsd/surefire-test-report.xsd" name="tests.mobile_replenishment.positive.MobilePhoneReplenishmentPositiveTest" time="45.958" tests="4" errors="4" skipped="0" failures="0">
  <properties>
[...]
</properties>
  <testcase name="selectAgreementsTabInPubSession" classname="tests.car_loans.positive.CarLoansPositiveTest" time="44.518">
    <error message="timeout: Timed out receiving message from renderer: 29.247&#10;  (Session info: chrome=101.0.4951.64)&#10;Build info: version: &apos;4.1.3&apos;, revision: &apos;7b1ebf28ef&apos;&#10;System info: host: &apos;MacBook-Air-2&apos;, ip: &apos;fe80:0:0:0:2f:7c95:718:29d3%en0&apos;, os.name: &apos;Mac OS X&apos;, os.arch: &apos;aarch64&apos;, os.version: &apos;12.4&apos;, java.version: &apos;18.0.1&apos;&#10;Driver info: org.openqa.selenium.chrome.ChromeDriver&#10;Command: [317bd6f8362709f82aeab672a0d50f10, get {url=https://next.privat24.ua/auto-credit/order?lang=en}]&#10;selenide.url: https://next.privat24.ua/auto-credit/order?lang=en&#10;Capabilities {acceptInsecureCerts: true, browserName: chrome, browserVersion: 101.0.4951.64, chrome: {chromedriverVersion: 101.0.4951.41 (93c720db8323..., userDataDir: /var/folders/_g/j6dsv2791bv...}, goog:chromeOptions: {debuggerAddress: localhost:52091}, javascriptEnabled: true, networkConnectionEnabled: false, pageLoadStrategy: normal, platform: MAC, platformName: MAC, proxy: Proxy(), se:cdp: ws://localhost:52091/devtoo..., se:cdpVersion: 101.0.4951.64, setWindowRect: true, strictFileInteractability: false, timeouts: {implicit: 0, pageLoad: 300000, script: 30000}, unhandledPromptBehavior: dismiss and notify, webauthn:extension:credBlob: true, webauthn:extension:largeBlob: true, webauthn:virtualAuthenticators: true}&#10;selenide.baseUrl: http://localhost:8080&#10;Session ID: 317bd6f8362709f82aeab672a0d50f10" type="org.openqa.selenium.TimeoutException">org.openqa.selenium.TimeoutException: 
timeout: Timed out receiving message from renderer: 29.247
  (Session info: chrome=101.0.4951.64)
Build info: version: '4.1.3', revision: '7b1ebf28ef'
System info: host: 'MacBook-Air-2', ip: 'fe80:0:0:0:2f:7c95:718:29d3%en0', os.name: 'Mac OS X', os.arch: 'aarch64', os.version: '12.4', java.version: '18.0.1'
Driver info: org.openqa.selenium.chrome.ChromeDriver
Command: [317bd6f8362709f82aeab672a0d50f10, get {url=https://next.privat24.ua/auto-credit/order?lang=en}]
selenide.url: https://next.privat24.ua/auto-credit/order?lang=en
Capabilities {acceptInsecureCerts: true, browserName: chrome, browserVersion: 101.0.4951.64, chrome: {chromedriverVersion: 101.0.4951.41 (93c720db8323..., userDataDir: /var/folders/_g/j6dsv2791bv...}, goog:chromeOptions: {debuggerAddress: localhost:52091}, javascriptEnabled: true, networkConnectionEnabled: false, pageLoadStrategy: normal, platform: MAC, platformName: MAC, proxy: Proxy(), se:cdp: ws://localhost:52091/devtoo..., se:cdpVersion: 101.0.4951.64, setWindowRect: true, strictFileInteractability: false, timeouts: {implicit: 0, pageLoad: 300000, script: 30000}, unhandledPromptBehavior: dismiss and notify, webauthn:extension:credBlob: true, webauthn:extension:largeBlob: true, webauthn:virtualAuthenticators: true}
selenide.baseUrl: http://localhost:8080
Session ID: 317bd6f8362709f82aeab672a0d50f10
	at tests.car_loans.positive.CarLoansPositiveTest.selectAgreementsTabInPubSession(CarLoansPositiveTest.java:41)
</error>
    <system-out><![CDATA[&amp#27;[35m14:57:21.688&amp#27;[0;39m &amp#27;[33mINFO&amp#27;[0;39m &amp#27;[36mt.b.BaseTest&amp#27;[0;39m START TIME - 14:57:21.685059
&amp#27;[35m14:57:21.693&amp#27;[0;39m &amp#27;[33mINFO&amp#27;[0;39m &amp#27;[36mt.b.BaseTest&amp#27;[0;39m Clear reports directory build/reports/ ...
&amp#27;[35m14:57:21.877&amp#27;[0;39m &amp#27;[33mINFO&amp#27;[0;39m &amp#27;[36mc.c.s.i.WebDriverThreadLocalContainer&amp#27;[0;39m No webdriver is bound to current thread: 18 - let's create a new webdriver
&amp#27;[35m14:57:21.877&amp#27;[0;39m &amp#27;[33mINFO&amp#27;[0;39m &amp#27;[36mc.c.s.i.WebDriverThreadLocalContainer&amp#27;[0;39m No webdriver is bound to current thread: 19 - let's create a new webdriver
&amp#27;[35m14:57:21.903&amp#27;[0;39m &amp#27;[33mINFO&amp#27;[0;39m &amp#27;[36mc.c.s.i.FileHelper&amp#27;[0;39m Creating folder: /Users/serhii_shkurenko/Desktop/projects/udemySelenideProject/build/downloads/1653393441902_35618_19
&amp#27;[35m14:57:21.903&amp#27;[0;39m &amp#27;[33mINFO&amp#27;[0;39m &amp#27;[36mc.c.s.i.FileHelper&amp#27;[0;39m Creating folder: /Users/serhii_shkurenko/Desktop/projects/udemySelenideProject/build/downloads/1653393441902_35618_18
&amp#27;[35m14:57:22.234&amp#27;[0;39m &amp#27;[33mINFO&amp#27;[0;39m &amp#27;[36mi.g.b.w.WebDriverManager&amp#27;[0;39m Using chromedriver 101.0.4951.41 (resolved driver for Chrome 101)
&amp#27;[35m14:57:22.234&amp#27;[0;39m &amp#27;[33mINFO&amp#27;[0;39m &amp#27;[36mi.g.b.w.WebDriverManager&amp#27;[0;39m Using chromedriver 101.0.4951.41 (resolved driver for Chrome 101)
&amp#27;[35m14:57:22.276&amp#27;[0;39m &amp#27;[33mINFO&amp#27;[0;39m &amp#27;[36mi.g.b.w.WebDriverManager&amp#27;[0;39m Exporting webdriver.chrome.driver as /Users/serhii_shkurenko/.cache/selenium/chromedriver/mac-arm64/101.0.4951.41/chromedriver
&amp#27;[35m14:57:22.277&amp#27;[0;39m &amp#27;[33mINFO&amp#27;[0;39m &amp#27;[36mi.g.b.w.WebDriverManager&amp#27;[0;39m Exporting webdriver.chrome.driver as /Users/serhii_shkurenko/.cache/selenium/chromedriver/mac-arm64/101.0.4951.41/chromedriver
&amp#27;[35m14:57:22.750&amp#27;[0;39m &amp#27;[33mINFO&amp#27;[0;39m &amp#27;[36mc.c.s.i.WebDriverThreadLocalContainer&amp#27;[0;39m No webdriver is bound to current thread: 29 - let's create a new webdriver
&amp#27;[35m14:57:22.751&amp#27;[0;39m &amp#27;[33mINFO&amp#27;[0;39m &amp#27;[36mc.c.s.i.FileHelper&amp#27;[0;39m Creating folder: /Users/serhii_shkurenko/Desktop/projects/udemySelenideProject/build/downloads/1653393442750_35618_29
&amp#27;[35m14:57:22.751&amp#27;[0;39m &amp#27;[33mINFO&amp#27;[0;39m &amp#27;[36mc.c.s.i.WebDriverThreadLocalContainer&amp#27;[0;39m No webdriver is bound to current thread: 28 - let's create a new webdriver
&amp#27;[35m14:57:22.751&amp#27;[0;39m &amp#27;[33mINFO&amp#27;[0;39m &amp#27;[36mc.c.s.i.FileHelper&amp#27;[0;39m Creating folder: /Users/serhii_shkurenko/Desktop/projects/udemySelenideProject/build/downloads/1653393442751_35618_28
&amp#27;[35m14:57:31.039&amp#27;[0;39m &amp#27;[33mINFO&amp#27;[0;39m &amp#27;[36mc.c.s.w.HttpClientTimeouts&amp#27;[0;39m Changed connectTimeout from PT10S to PT10S
&amp#27;[35m14:57:31.039&amp#27;[0;39m &amp#27;[33mINFO&amp#27;[0;39m &amp#27;[36mc.c.s.w.HttpClientTimeouts&amp#27;[0;39m Changed connectTimeout from PT10S to PT10S
&amp#27;[35m14:57:31.039&amp#27;[0;39m &amp#27;[33mINFO&amp#27;[0;39m &amp#27;[36mc.c.s.w.HttpClientTimeouts&amp#27;[0;39m Changed connectTimeout from PT10S to PT10S
&amp#27;[35m14:57:31.039&amp#27;[0;39m &amp#27;[33mINFO&amp#27;[0;39m &amp#27;[36mc.c.s.w.HttpClientTimeouts&amp#27;[0;39m Changed connectTimeout from PT10S to PT10S
&amp#27;[35m14:57:31.040&amp#27;[0;39m &amp#27;[33mINFO&amp#27;[0;39m &amp#27;[36mc.c.s.w.HttpClientTimeouts&amp#27;[0;39m Changed readTimeout from PT1M30S to PT1M30S
&amp#27;[35m14:57:31.040&amp#27;[0;39m &amp#27;[33mINFO&amp#27;[0;39m &amp#27;[36mc.c.s.w.HttpClientTimeouts&amp#27;[0;39m Changed readTimeout from PT1M30S to PT1M30S
&amp#27;[35m14:57:31.040&amp#27;[0;39m &amp#27;[33mINFO&amp#27;[0;39m &amp#27;[36mc.c.s.w.HttpClientTimeouts&amp#27;[0;39m Changed readTimeout from PT1M30S to PT1M30S
&amp#27;[35m14:57:31.040&amp#27;[0;39m &amp#27;[33mINFO&amp#27;[0;39m &amp#27;[36mc.c.s.w.BrowserResizer&amp#27;[0;39m Set browser size to 1366x768
&amp#27;[35m14:57:31.040&amp#27;[0;39m &amp#27;[33mINFO&amp#27;[0;39m &amp#27;[36mc.c.s.w.HttpClientTimeouts&amp#27;[0;39m Changed readTimeout from PT1M30S to PT1M30S
&amp#27;[35m14:57:31.040&amp#27;[0;39m &amp#27;[33mINFO&amp#27;[0;39m &amp#27;[36mc.c.s.w.BrowserResizer&amp#27;[0;39m Set browser size to 1366x768
&amp#27;[35m14:57:31.040&amp#27;[0;39m &amp#27;[33mINFO&amp#27;[0;39m &amp#27;[36mc.c.s.w.BrowserResizer&amp#27;[0;39m Set browser size to 1366x768
&amp#27;[35m14:57:31.040&amp#27;[0;39m &amp#27;[33mINFO&amp#27;[0;39m &amp#27;[36mc.c.s.w.BrowserResizer&amp#27;[0;39m Set browser size to 1366x768
&amp#27;[35m14:57:31.202&amp#27;[0;39m &amp#27;[33mINFO&amp#27;[0;39m &amp#27;[36mc.c.s.w.WebDriverFactory&amp#27;[0;39m BrowserName=chrome Version=101.0.4951.64 Platform=MAC
&amp#27;[35m14:57:31.202&amp#27;[0;39m &amp#27;[33mINFO&amp#27;[0;39m &amp#27;[36mc.c.s.w.WebDriverFactory&amp#27;[0;39m BrowserName=chrome Version=101.0.4951.64 Platform=MAC
&amp#27;[35m14:57:31.202&amp#27;[0;39m &amp#27;[33mINFO&amp#27;[0;39m &amp#27;[36mc.c.s.w.WebDriverFactory&amp#27;[0;39m BrowserName=chrome Version=101.0.4951.64 Platform=MAC
&amp#27;[35m14:57:31.202&amp#27;[0;39m &amp#27;[33mINFO&amp#27;[0;39m &amp#27;[36mc.c.s.w.WebDriverFactory&amp#27;[0;39m Selenide v. 6.4.0
&amp#27;[35m14:57:31.202&amp#27;[0;39m &amp#27;[33mINFO&amp#27;[0;39m &amp#27;[36mc.c.s.w.WebDriverFactory&amp#27;[0;39m Selenide v. 6.4.0
&amp#27;[35m14:57:31.202&amp#27;[0;39m &amp#27;[33mINFO&amp#27;[0;39m &amp#27;[36mc.c.s.w.WebDriverFactory&amp#27;[0;39m Selenium WebDriver v. 4.1.3 build revision: 7b1ebf28ef
&amp#27;[35m14:57:31.202&amp#27;[0;39m &amp#27;[33mINFO&amp#27;[0;39m &amp#27;[36mc.c.s.w.WebDriverFactory&amp#27;[0;39m Selenide v. 6.4.0
&amp#27;[35m14:57:31.202&amp#27;[0;39m &amp#27;[33mINFO&amp#27;[0;39m &amp#27;[36mc.c.s.w.WebDriverFactory&amp#27;[0;39m Selenium WebDriver v. 4.1.3 build revision: 7b1ebf28ef
&amp#27;[35m14:57:31.202&amp#27;[0;39m &amp#27;[33mINFO&amp#27;[0;39m &amp#27;[36mc.c.s.w.WebDriverFactory&amp#27;[0;39m Selenium WebDriver v. 4.1.3 build revision: 7b1ebf28ef
&amp#27;[35m14:57:31.202&amp#27;[0;39m &amp#27;[33mINFO&amp#27;[0;39m &amp#27;[36mc.c.s.d.CreateDriverCommand&amp#27;[0;39m Created webdriver in thread 18: ChromeDriver -> ChromeDriver: chrome on MAC (dd797238f6b9b036d4c2adb89afee37c)
&amp#27;[35m14:57:31.202&amp#27;[0;39m &amp#27;[33mINFO&amp#27;[0;39m &amp#27;[36mc.c.s.d.CreateDriverCommand&amp#27;[0;39m Created webdriver in thread 28: ChromeDriver -> ChromeDriver: chrome on MAC (317bd6f8362709f82aeab672a0d50f10)
&amp#27;[35m14:57:31.202&amp#27;[0;39m &amp#27;[33mINFO&amp#27;[0;39m &amp#27;[36mc.c.s.d.CreateDriverCommand&amp#27;[0;39m Created webdriver in thread 29: ChromeDriver -> ChromeDriver: chrome on MAC (1cffbf65b9828949606212d07e7b075a)
&amp#27;[35m14:57:31.204&amp#27;[0;39m &amp#27;[33mINFO&amp#27;[0;39m &amp#27;[36mc.c.s.w.WebDriverFactory&amp#27;[0;39m BrowserName=chrome Version=101.0.4951.64 Platform=MAC
&amp#27;[35m14:57:31.204&amp#27;[0;39m &amp#27;[33mINFO&amp#27;[0;39m &amp#27;[36mc.c.s.w.WebDriverFactory&amp#27;[0;39m Selenide v. 6.4.0
&amp#27;[35m14:57:31.204&amp#27;[0;39m &amp#27;[33mINFO&amp#27;[0;39m &amp#27;[36mc.c.s.w.WebDriverFactory&amp#27;[0;39m Selenium WebDriver v. 4.1.3 build revision: 7b1ebf28ef
&amp#27;[35m14:57:31.204&amp#27;[0;39m &amp#27;[33mINFO&amp#27;[0;39m &amp#27;[36mc.c.s.d.CreateDriverCommand&amp#27;[0;39m Created webdriver in thread 19: ChromeDriver -> ChromeDriver: chrome on MAC (d2bc18ca7143300da72b6be13484e668)
&amp#27;[35m14:57:31.205&amp#27;[0;39m &amp#27;[33mINFO&amp#27;[0;39m &amp#27;[36mc.c.s.i.WebDriverThreadLocalContainer&amp#27;[0;39m Browser and proxy will stay open due to holdBrowserOpen=true: 18 -> ChromeDriver: chrome on MAC (dd797238f6b9b036d4c2adb89afee37c), null
&amp#27;[35m14:57:31.205&amp#27;[0;39m &amp#27;[33mINFO&amp#27;[0;39m &amp#27;[36mc.c.s.i.WebDriverThreadLocalContainer&amp#27;[0;39m Browser and proxy will stay open due to holdBrowserOpen=true: 28 -> ChromeDriver: chrome on MAC (317bd6f8362709f82aeab672a0d50f10), null
&amp#27;[35m14:57:31.205&amp#27;[0;39m &amp#27;[33mINFO&amp#27;[0;39m &amp#27;[36mc.c.s.i.WebDriverThreadLocalContainer&amp#27;[0;39m Browser and proxy will stay open due to holdBrowserOpen=true: 29 -> ChromeDriver: chrome on MAC (1cffbf65b9828949606212d07e7b075a), null
&amp#27;[35m14:57:31.205&amp#27;[0;39m &amp#27;[33mINFO&amp#27;[0;39m &amp#27;[36mc.c.s.i.WebDriverThreadLocalContainer&amp#27;[0;39m Browser and proxy will stay open due to holdBrowserOpen=true: 19 -> ChromeDriver: chrome on MAC (d2bc18ca7143300da72b6be13484e668), null
&amp#27;[35m14:58:05.903&amp#27;[0;39m &amp#27;[33mINFO&amp#27;[0;39m &amp#27;[36mc.Listener&amp#27;[0;39m Test checkRedirectOnAuthorization - FAILED!
&amp#27;[35m14:58:05.912&amp#27;[0;39m &amp#27;[33mINFO&amp#27;[0;39m &amp#27;[36mc.Listener&amp#27;[0;39m Trying to tace screenshot...
&amp#27;[35m14:58:06.279&amp#27;[0;39m &amp#27;[33mINFO&amp#27;[0;39m &amp#27;[36mc.Listener&amp#27;[0;39m Test selectAgreementsTabInPubSession - FAILED!
&amp#27;[35m14:58:06.281&amp#27;[0;39m &amp#27;[33mINFO&amp#27;[0;39m &amp#27;[36mc.Listener&amp#27;[0;39m Trying to tace screenshot...
&amp#27;[35m14:58:06.355&amp#27;[0;39m &amp#27;[33mINFO&amp#27;[0;39m &amp#27;[36mc.Listener&amp#27;[0;39m Test applyingForAnOldCarLoanPublicSession - FAILED!
&amp#27;[35m14:58:06.356&amp#27;[0;39m &amp#27;[33mINFO&amp#27;[0;39m &amp#27;[36mc.Listener&amp#27;[0;39m Trying to tace screenshot...
&amp#27;[35m14:58:06.728&amp#27;[0;39m &amp#27;[33mINFO&amp#27;[0;39m &amp#27;[36mc.Listener&amp#27;[0;39m Test checkMinimumReplenishmentAmount - FAILED!
&amp#27;[35m14:58:06.728&amp#27;[0;39m &amp#27;[33mINFO&amp#27;[0;39m &amp#27;[36mc.Listener&amp#27;[0;39m Trying to tace screenshot...
]]></system-out>
    <system-err><![CDATA[StartStaStStartinarrting Cihting ChromeDriver 1g01 Chrormngoe.D0 Crive.4951.41 (93c720db832meDriver 101.0.4951.41 (93c720db8323b3ec10d056025ab95c23a31997c9-refs/branch-heads/4951@{#904}) on port 49733
Only local connections are allowed.
Please see https://chromedriver.chromium.org/securit3b3ec10d056025ab95c23a31997c9-refs/branch-heads/4951@{#904}) on port 54391
Only local connections are allowed.
Please see htr 101.0.4951.41 (93c720db8323b3ec10d056025ab95c23a31997c9-refs/branch-heads/4951@{#904}) on port 60064
Only local connections are allowed.
hromeDriver 101.0.4951.41 (93c720db8323b3ec10d056025ab95c23a31997c9-refs/branch-heads/Please see https://chromedriver.chromium.org/security-considerations for suggestions on keeping ChromeDriver safe.
tps://chromedriver.chromium.org/security-considerations for suggestions on keeping Chry-considerations for suggestions on keeping ChromeDriver safe.
ome4951@{#904}) on port 54687
Only local connectDriver safe.
ions are allowed.
Please see https://chromedriver.chromium.org/security-considerations for suggestions on keeping ChromeDriver safe.
ChromeChromeDriChromeDriver was started successfully.
ChromeDriver was started successfully.
ver was started successfully.
Driver was started successfully.
May 24, 2022 2:57:30 PM org.openqa.selenium.remote.ProtocolHandshake createSession
INFO: Detected dialect: W3C
May 24, 2022 2:57:30 PM org.openqa.selenium.remote.ProtocolHandshake createSession
INFO: Detected dialect: W3C
May 24, 2022 2:57:30 PM org.openqa.selenium.remote.ProtocolHandshake createSession
INFO: Detected dialect: W3C
May 24, 2022 2:57:30 PM org.openqa.selenium.remote.ProtocolHandshake createSession
INFO: Detected dialect: W3C
May 24, 2022 2:57:31 PM org.openqa.selenium.devtools.CdpVersionFinder findNearestMatch
WARNING: Unable to find an exact match for CDP version 101, so returning the closest version found: 99
May 24, 2022 2:57:31 PM org.openqa.selenium.devtools.CdpVersionFinder findNearestMatch
WARNING: Unable to find an exact match for CDP version 101, so returning the closest version found: 99
May 24, 2022 2:57:31 PM org.openqa.selenium.devtools.CdpVersionFinder findNearestMatch
INFO: Found CDP implementation for version 101 of 99
May 24, 2022 2:57:31 PM org.openqa.selenium.devtools.CdpVersionFinder findNearestMatch
WARNING: Unable to find an exact match for CDP version 101, so returning the closest version found: 99
May 24, 2022 2:57:31 PM org.openqa.selenium.devtools.CdpVersionFinder findNearestMatch
INFO: Found CDP implementation for version 101 of 99
May 24, 2022 2:57:31 PM org.openqa.selenium.devtools.CdpVersionFinder findNearestMatch
WARNING: Unable to find an exact match for CDP version 101, so returning the closest version found: 99
May 24, 2022 2:57:31 PM org.openqa.selenium.devtools.CdpVersionFinder findNearestMatch
INFO: Found CDP implementation for version 101 of 99
May 24, 2022 2:57:31 PM org.openqa.selenium.devtools.CdpVersionFinder findNearestMatch
INFO: Found CDP implementation for version 101 of 99
[[165[1653393481.[1653209][SEVERE]: Timed out receiving message from renderer: 1653393481.208]393483391.2[SE29.2VERE07][SEVERE]: Timed out receiving message f348rom]47:
 renderer: 29.191
1. Timed out receiving message from renderer: 29.184
209][SEVERE]: Timed out receiving message from renderer: 29.141
[16533934[81.212][SEVERE]: Ti[1653393481.212][SEVERE]: Timed out receiving message from renderer: 29.184
1[653393481.212][SEVERE]: Timed out recei1m653393481.212][ving message from renderer:SEVERE]: Timed oute dreceiving message from renderer: 29.247
  o29.191
ut receiving message from renderer: 29.141
]]></system-err>
  </testcase>
  <testcase name="applyingForAnOldCarLoanPublicSession" classname="tests.car_loans.positive.CarLoansPositiveTest" time="44.858">
    <error message="timeout: Timed out receiving message from renderer: 29.191&#10;  (Session info: chrome=101.0.4951.64)&#10;Build info: version: &apos;4.1.3&apos;, revision: &apos;7b1ebf28ef&apos;&#10;System info: host: &apos;MacBook-Air-2&apos;, ip: &apos;fe80:0:0:0:2f:7c95:718:29d3%en0&apos;, os.name: &apos;Mac OS X&apos;, os.arch: &apos;aarch64&apos;, os.version: &apos;12.4&apos;, java.version: &apos;18.0.1&apos;&#10;Driver info: org.openqa.selenium.chrome.ChromeDriver&#10;Command: [d2bc18ca7143300da72b6be13484e668, get {url=https://next.privat24.ua/auto-credit/order?lang=en}]&#10;selenide.url: https://next.privat24.ua/auto-credit/order?lang=en&#10;Capabilities {acceptInsecureCerts: true, browserName: chrome, browserVersion: 101.0.4951.64, chrome: {chromedriverVersion: 101.0.4951.41 (93c720db8323..., userDataDir: /var/folders/_g/j6dsv2791bv...}, goog:chromeOptions: {debuggerAddress: localhost:52094}, javascriptEnabled: true, networkConnectionEnabled: false, pageLoadStrategy: normal, platform: MAC, platformName: MAC, proxy: Proxy(), se:cdp: ws://localhost:52094/devtoo..., se:cdpVersion: 101.0.4951.64, setWindowRect: true, strictFileInteractability: false, timeouts: {implicit: 0, pageLoad: 300000, script: 30000}, unhandledPromptBehavior: dismiss and notify, webauthn:extension:credBlob: true, webauthn:extension:largeBlob: true, webauthn:virtualAuthenticators: true}&#10;selenide.baseUrl: http://localhost:8080&#10;Session ID: d2bc18ca7143300da72b6be13484e668" type="org.openqa.selenium.TimeoutException">org.openqa.selenium.TimeoutException: 
timeout: Timed out receiving message from renderer: 29.191
  (Session info: chrome=101.0.4951.64)
Build info: version: '4.1.3', revision: '7b1ebf28ef'
System info: host: 'MacBook-Air-2', ip: 'fe80:0:0:0:2f:7c95:718:29d3%en0', os.name: 'Mac OS X', os.arch: 'aarch64', os.version: '12.4', java.version: '18.0.1'
Driver info: org.openqa.selenium.chrome.ChromeDriver
Command: [d2bc18ca7143300da72b6be13484e668, get {url=https://next.privat24.ua/auto-credit/order?lang=en}]
selenide.url: https://next.privat24.ua/auto-credit/order?lang=en
Capabilities {acceptInsecureCerts: true, browserName: chrome, browserVersion: 101.0.4951.64, chrome: {chromedriverVersion: 101.0.4951.41 (93c720db8323..., userDataDir: /var/folders/_g/j6dsv2791bv...}, goog:chromeOptions: {debuggerAddress: localhost:52094}, javascriptEnabled: true, networkConnectionEnabled: false, pageLoadStrategy: normal, platform: MAC, platformName: MAC, proxy: Proxy(), se:cdp: ws://localhost:52094/devtoo..., se:cdpVersion: 101.0.4951.64, setWindowRect: true, strictFileInteractability: false, timeouts: {implicit: 0, pageLoad: 300000, script: 30000}, unhandledPromptBehavior: dismiss and notify, webauthn:extension:credBlob: true, webauthn:extension:largeBlob: true, webauthn:virtualAuthenticators: true}
selenide.baseUrl: http://localhost:8080
Session ID: d2bc18ca7143300da72b6be13484e668
	at tests.car_loans.positive.CarLoansPositiveTest.applyingForAnOldCarLoanPublicSession(CarLoansPositiveTest.java:25)
</error>
  </testcase>
  <testcase name="checkRedirectOnAuthorization" classname="tests.mobile_replenishment.positive.MobilePhoneReplenishmentPositiveTest" time="44.858">
    <error message="timeout: Timed out receiving message from renderer: 29.141&#10;  (Session info: chrome=101.0.4951.64)&#10;Build info: version: &apos;4.1.3&apos;, revision: &apos;7b1ebf28ef&apos;&#10;System info: host: &apos;MacBook-Air-2&apos;, ip: &apos;fe80:0:0:0:2f:7c95:718:29d3%en0&apos;, os.name: &apos;Mac OS X&apos;, os.arch: &apos;aarch64&apos;, os.version: &apos;12.4&apos;, java.version: &apos;18.0.1&apos;&#10;Driver info: org.openqa.selenium.chrome.ChromeDriver&#10;Command: [1cffbf65b9828949606212d07e7b075a, get {url=https://next.privat24.ua/mobile?lang=en}]&#10;selenide.url: https://next.privat24.ua/mobile?lang=en&#10;Capabilities {acceptInsecureCerts: true, browserName: chrome, browserVersion: 101.0.4951.64, chrome: {chromedriverVersion: 101.0.4951.41 (93c720db8323..., userDataDir: /var/folders/_g/j6dsv2791bv...}, goog:chromeOptions: {debuggerAddress: localhost:52090}, javascriptEnabled: true, networkConnectionEnabled: false, pageLoadStrategy: normal, platform: MAC, platformName: MAC, proxy: Proxy(), se:cdp: ws://localhost:52090/devtoo..., se:cdpVersion: 101.0.4951.64, setWindowRect: true, strictFileInteractability: false, timeouts: {implicit: 0, pageLoad: 300000, script: 30000}, unhandledPromptBehavior: dismiss and notify, webauthn:extension:credBlob: true, webauthn:extension:largeBlob: true, webauthn:virtualAuthenticators: true}&#10;selenide.baseUrl: http://localhost:8080&#10;Session ID: 1cffbf65b9828949606212d07e7b075a" type="org.openqa.selenium.TimeoutException">org.openqa.selenium.TimeoutException: 
timeout: Timed out receiving message from renderer: 29.141
  (Session info: chrome=101.0.4951.64)
Build info: version: '4.1.3', revision: '7b1ebf28ef'
System info: host: 'MacBook-Air-2', ip: 'fe80:0:0:0:2f:7c95:718:29d3%en0', os.name: 'Mac OS X', os.arch: 'aarch64', os.version: '12.4', java.version: '18.0.1'
Driver info: org.openqa.selenium.chrome.ChromeDriver
Command: [1cffbf65b9828949606212d07e7b075a, get {url=https://next.privat24.ua/mobile?lang=en}]
selenide.url: https://next.privat24.ua/mobile?lang=en
Capabilities {acceptInsecureCerts: true, browserName: chrome, browserVersion: 101.0.4951.64, chrome: {chromedriverVersion: 101.0.4951.41 (93c720db8323..., userDataDir: /var/folders/_g/j6dsv2791bv...}, goog:chromeOptions: {debuggerAddress: localhost:52090}, javascriptEnabled: true, networkConnectionEnabled: false, pageLoadStrategy: normal, platform: MAC, platformName: MAC, proxy: Proxy(), se:cdp: ws://localhost:52090/devtoo..., se:cdpVersion: 101.0.4951.64, setWindowRect: true, strictFileInteractability: false, timeouts: {implicit: 0, pageLoad: 300000, script: 30000}, unhandledPromptBehavior: dismiss and notify, webauthn:extension:credBlob: true, webauthn:extension:largeBlob: true, webauthn:virtualAuthenticators: true}
selenide.baseUrl: http://localhost:8080
Session ID: 1cffbf65b9828949606212d07e7b075a
	at tests.mobile_replenishment.positive.MobilePhoneReplenishmentPositiveTest.checkRedirectOnAuthorization(MobilePhoneReplenishmentPositiveTest.java:48)
</error>
  </testcase>
  <testcase name="checkMinimumReplenishmentAmount" classname="tests.mobile_replenishment.positive.MobilePhoneReplenishmentPositiveTest" time="44.859">
    <error message="timeout: Timed out receiving message from renderer: 29.184&#10;  (Session info: chrome=101.0.4951.64)&#10;Build info: version: &apos;4.1.3&apos;, revision: &apos;7b1ebf28ef&apos;&#10;System info: host: &apos;MacBook-Air-2&apos;, ip: &apos;fe80:0:0:0:2f:7c95:718:29d3%en0&apos;, os.name: &apos;Mac OS X&apos;, os.arch: &apos;aarch64&apos;, os.version: &apos;12.4&apos;, java.version: &apos;18.0.1&apos;&#10;Driver info: org.openqa.selenium.chrome.ChromeDriver&#10;Command: [dd797238f6b9b036d4c2adb89afee37c, get {url=https://next.privat24.ua/mobile?lang=en}]&#10;selenide.url: https://next.privat24.ua/mobile?lang=en&#10;Capabilities {acceptInsecureCerts: true, browserName: chrome, browserVersion: 101.0.4951.64, chrome: {chromedriverVersion: 101.0.4951.41 (93c720db8323..., userDataDir: /var/folders/_g/j6dsv2791bv...}, goog:chromeOptions: {debuggerAddress: localhost:52092}, javascriptEnabled: true, networkConnectionEnabled: false, pageLoadStrategy: normal, platform: MAC, platformName: MAC, proxy: Proxy(), se:cdp: ws://localhost:52092/devtoo..., se:cdpVersion: 101.0.4951.64, setWindowRect: true, strictFileInteractability: false, timeouts: {implicit: 0, pageLoad: 300000, script: 30000}, unhandledPromptBehavior: dismiss and notify, webauthn:extension:credBlob: true, webauthn:extension:largeBlob: true, webauthn:virtualAuthenticators: true}&#10;selenide.baseUrl: http://localhost:8080&#10;Session ID: dd797238f6b9b036d4c2adb89afee37c" type="org.openqa.selenium.TimeoutException">org.openqa.selenium.TimeoutException: 
timeout: Timed out receiving message from renderer: 29.184
  (Session info: chrome=101.0.4951.64)
Build info: version: '4.1.3', revision: '7b1ebf28ef'
System info: host: 'MacBook-Air-2', ip: 'fe80:0:0:0:2f:7c95:718:29d3%en0', os.name: 'Mac OS X', os.arch: 'aarch64', os.version: '12.4', java.version: '18.0.1'
Driver info: org.openqa.selenium.chrome.ChromeDriver
Command: [dd797238f6b9b036d4c2adb89afee37c, get {url=https://next.privat24.ua/mobile?lang=en}]
selenide.url: https://next.privat24.ua/mobile?lang=en
Capabilities {acceptInsecureCerts: true, browserName: chrome, browserVersion: 101.0.4951.64, chrome: {chromedriverVersion: 101.0.4951.41 (93c720db8323..., userDataDir: /var/folders/_g/j6dsv2791bv...}, goog:chromeOptions: {debuggerAddress: localhost:52092}, javascriptEnabled: true, networkConnectionEnabled: false, pageLoadStrategy: normal, platform: MAC, platformName: MAC, proxy: Proxy(), se:cdp: ws://localhost:52092/devtoo..., se:cdpVersion: 101.0.4951.64, setWindowRect: true, strictFileInteractability: false, timeouts: {implicit: 0, pageLoad: 300000, script: 30000}, unhandledPromptBehavior: dismiss and notify, webauthn:extension:credBlob: true, webauthn:extension:largeBlob: true, webauthn:virtualAuthenticators: true}
selenide.baseUrl: http://localhost:8080
Session ID: dd797238f6b9b036d4c2adb89afee37c
	at tests.mobile_replenishment.positive.MobilePhoneReplenishmentPositiveTest.checkMinimumReplenishmentAmount(MobilePhoneReplenishmentPositiveTest.java:29)
</error>
  </testcase>
</testsuite>